12:17:55: Creating resource group General
12:17:55: Creating resource group Internal
12:17:55: Creating resource group Autodetect
12:17:55: SceneManagerFactory for type 'DefaultSceneManager' registered.
12:17:55: Registering ResourceManager for type Material
12:17:55: Registering ResourceManager for type Mesh
12:17:55: Registering ResourceManager for type Skeleton
12:17:55: MovableObjectFactory for type 'ParticleSystem' registered.
12:17:55: OverlayElementFactory for type Panel registered.
12:17:55: OverlayElementFactory for type BorderPanel registered.
12:17:55: OverlayElementFactory for type TextArea registered.
12:17:55: Registering ResourceManager for type Font
12:17:55: ArchiveFactory for archive type FileSystem registered.
12:17:55: ArchiveFactory for archive type Zip registered.
12:17:55: DDS codec registering
12:17:55: FreeImage version: 3.18.0
12:17:55: This program uses FreeImage, a free, open source image library supporting all common bitmap formats. See http://freeimage.sourceforge.net for details
12:17:55: Supported formats: bmp,ico,jpg,jif,jpeg,jpe,jng,koa,iff,lbm,mng,pbm,pbm,pcd,pcx,pgm,pgm,png,ppm,ppm,ras,tga,targa,tif,tiff,wap,wbmp,wbm,psd,psb,cut,xbm,xpm,gif,hdr,g3,sgi,rgb,rgba,bw,exr,j2k,j2c,jp2,pfm,pct,pict,pic,3fr,arw,bay,bmq,cap,cine,cr2,crw,cs1,dc2,dcr,drf,dsc,dng,erf,fff,ia,iiq,k25,kc2,kdc,mdc,mef,mos,mrw,nef,nrw,orf,pef,ptx,pxn,qtk,raf,raw,rdc,rw2,rwl,rwz,sr2,srf,srw,sti,x3f,webp,jxr,wdp,hdp
12:17:55: Registering ResourceManager for type HighLevelGpuProgram
12:17:55: Registering ResourceManager for type Compositor
12:17:55: MovableObjectFactory for type 'Entity' registered.
12:17:55: MovableObjectFactory for type 'Light' registered.
12:17:55: MovableObjectFactory for type 'BillboardSet' registered.
12:17:55: MovableObjectFactory for type 'ManualObject' registered.
12:17:55: MovableObjectFactory for type 'BillboardChain' registered.
12:17:55: MovableObjectFactory for type 'RibbonTrail' registered.
12:17:55: *-*-* OGRE Initialising
12:17:55: *-*-* Version 1.7.0 (Cthugha)
12:17:55: Installing plugin: GL RenderSystem
12:17:55: OpenGL Rendering Subsystem created.
12:17:55: Plugin successfully installed
12:17:55: Installing plugin: ParticleFX
12:17:55: Particle Emitter Type 'Point' registered
12:17:55: Particle Emitter Type 'Box' registered
12:17:55: Particle Emitter Type 'Ellipsoid' registered
12:17:55: Particle Emitter Type 'Cylinder' registered
12:17:55: Particle Emitter Type 'Ring' registered
12:17:55: Particle Emitter Type 'HollowEllipsoid' registered
12:17:55: Particle Affector Type 'LinearForce' registered
12:17:55: Particle Affector Type 'ColourFader' registered
12:17:55: Particle Affector Type 'ColourFader2' registered
12:17:55: Particle Affector Type 'ColourImage' registered
12:17:55: Particle Affector Type 'ColourInterpolator' registered
12:17:55: Particle Affector Type 'Scaler' registered
12:17:55: Particle Affector Type 'Rotator' registered
12:17:55: Particle Affector Type 'DirectionRandomiser' registered
12:17:55: Particle Affector Type 'DeflectorPlane' registered
12:17:55: Plugin successfully installed
12:17:55: Installing plugin: BSP Scene Manager
12:17:55: Plugin successfully installed
12:17:55: Installing plugin: Octree & Terrain Scene Manager
12:17:55: Plugin successfully installed
12:17:55: Creating resource group Essential
12:17:55: Added resource location '/media/djoker/code/linux/cpp/ogre/ogre-1-7-0/Samples/Media/thumbnails' of type 'FileSystem' to resource group 'Essential'
12:17:55: Added resource location '/media/djoker/code/linux/cpp/ogre/ogre-1-7-0/Samples/Media/packs/SdkTrays.zip' of type 'Zip' to resource group 'Essential'
12:17:55: Added resource location '/media/djoker/code/linux/cpp/ogre/ogre-1-7-0/Samples/Media' of type 'FileSystem' to resource group 'General'
12:17:55: Creating resource group Popular
12:17:55: Added resource location '/media/djoker/code/linux/cpp/ogre/ogre-1-7-0/Samples/Media/fonts' of type 'FileSystem' to resource group 'Popular'
12:17:55: Added resource location '/media/djoker/code/linux/cpp/ogre/ogre-1-7-0/Samples/Media/materials/programs' of type 'FileSystem' to resource group 'Popular'
12:17:55: Added resource location '/media/djoker/code/linux/cpp/ogre/ogre-1-7-0/Samples/Media/materials/scripts' of type 'FileSystem' to resource group 'Popular'
12:17:55: Added resource location '/media/djoker/code/linux/cpp/ogre/ogre-1-7-0/Samples/Media/materials/textures' of type 'FileSystem' to resource group 'Popular'
12:17:55: Added resource location '/media/djoker/code/linux/cpp/ogre/ogre-1-7-0/Samples/Media/materials/textures/nvidia' of type 'FileSystem' to resource group 'Popular'
12:17:55: Added resource location '/media/djoker/code/linux/cpp/ogre/ogre-1-7-0/Samples/Media/models' of type 'FileSystem' to resource group 'Popular'
12:17:55: Added resource location '/media/djoker/code/linux/cpp/ogre/ogre-1-7-0/Samples/Media/particle' of type 'FileSystem' to resource group 'Popular'
12:17:55: Added resource location '/media/djoker/code/linux/cpp/ogre/ogre-1-7-0/Samples/Media/DeferredShadingMedia' of type 'FileSystem' to resource group 'Popular'
12:17:55: Added resource location '/media/djoker/code/linux/cpp/ogre/ogre-1-7-0/Samples/Media/PCZAppMedia' of type 'FileSystem' to resource group 'Popular'
12:17:55: Added resource location '/media/djoker/code/linux/cpp/ogre/ogre-1-7-0/Samples/Media/RTShaderLib' of type 'FileSystem' to resource group 'Popular'
12:17:55: Added resource location '/media/djoker/code/linux/cpp/ogre/ogre-1-7-0/Samples/Media/packs/cubemap.zip' of type 'Zip' to resource group 'Popular'
12:17:55: Added resource location '/media/djoker/code/linux/cpp/ogre/ogre-1-7-0/Samples/Media/packs/cubemapsJS.zip' of type 'Zip' to resource group 'Popular'
12:17:55: Added resource location '/media/djoker/code/linux/cpp/ogre/ogre-1-7-0/Samples/Media/packs/dragon.zip' of type 'Zip' to resource group 'Popular'
12:17:55: Added resource location '/media/djoker/code/linux/cpp/ogre/ogre-1-7-0/Samples/Media/packs/fresneldemo.zip' of type 'Zip' to resource group 'Popular'
12:17:55: Added resource location '/media/djoker/code/linux/cpp/ogre/ogre-1-7-0/Samples/Media/packs/ogretestmap.zip' of type 'Zip' to resource group 'Popular'
12:17:55: Added resource location '/media/djoker/code/linux/cpp/ogre/ogre-1-7-0/Samples/Media/packs/ogredance.zip' of type 'Zip' to resource group 'Popular'
12:17:55: Added resource location '/media/djoker/code/linux/cpp/ogre/ogre-1-7-0/Samples/Media/packs/Sinbad.zip' of type 'Zip' to resource group 'Popular'
12:17:55: Added resource location '/media/djoker/code/linux/cpp/ogre/ogre-1-7-0/Samples/Media/packs/skybox.zip' of type 'Zip' to resource group 'Popular'
12:17:55: *** Create SDL  Window***
12:17:55: CPU Identifier & Features
12:17:55: -------------------------
12:17:55:  *   CPU ID: GenuineIntel: Intel(R) Core(TM) i7-6700 CPU @ 3.40GHz
12:17:55:  *      SSE: yes
12:17:55:  *     SSE2: yes
12:17:55:  *     SSE3: yes
12:17:55:  *      MMX: yes
12:17:55:  *   MMXEXT: yes
12:17:55:  *    3DNOW: no
12:17:55:  * 3DNOWEXT: no
12:17:55:  *     CMOV: yes
12:17:55:  *      TSC: yes
12:17:55:  *      FPU: yes
12:17:55:  *      PRO: yes
12:17:55:  *       HT: no
12:17:55: -------------------------
12:17:55: ******************************
*** Starting GLX Subsystem ***
******************************
12:17:55: GLXWindow::create: The externalWindowHandle parameter is deprecated.
Use the parentWindowHandle or currentGLContext parameter instead.
12:17:55: GLXWindow::create used FBConfigID = 656
12:17:55: GL_VERSION = 4.3 (Compatibility Profile) Mesa 21.0.3
12:17:55: GL_VENDOR = nouveau
12:17:55: GL_RENDERER = NV137
12:17:55: Supported GLX extensions: GLX_ARB_create_context GLX_ARB_create_context_no_error GLX_ARB_create_context_profile GLX_ARB_create_context_robustness GLX_ARB_fbconfig_float GLX_ARB_framebuffer_sRGB GLX_ARB_get_proc_address GLX_ARB_multisample GLX_EXT_buffer_age GLX_EXT_create_context_es2_profile GLX_EXT_create_context_es_profile GLX_EXT_fbconfig_packed_float GLX_EXT_framebuffer_sRGB GLX_EXT_import_context GLX_EXT_swap_control GLX_EXT_swap_control_tear GLX_EXT_texture_from_pixmap GLX_EXT_visual_info GLX_EXT_visual_rating GLX_INTEL_swap_event GLX_MESA_copy_sub_buffer GLX_MESA_query_renderer GLX_MESA_swap_control GLX_OML_swap_method GLX_OML_sync_control GLX_SGIS_multisample GLX_SGIX_fbconfig GLX_SGIX_pbuffer GLX_SGIX_visual_select_group GLX_SGI_make_current_read GLX_SGI_swap_control GLX_SGI_video_sync 
12:17:55: ***************************
12:17:55: *** GL Renderer Started ***
12:17:55: ***************************
12:17:55: Registering ResourceManager for type GpuProgram
12:17:55: GLSL support detected
12:17:55: GL: Using GL_EXT_framebuffer_object for rendering to textures (best)
12:17:55: FBO PF_UNKNOWN depth/stencil support: D0S1 D0S4 D0S8 D0S16 D16S0 D24S0 D32S0 Packed-D24S8 
12:17:55: FBO PF_L8 depth/stencil support: D0S0 D0S1 D0S4 D0S8 D0S16 D16S0 D24S0 D32S0 Packed-D24S8 
12:17:55: FBO PF_L16 depth/stencil support: D0S0 D0S1 D0S4 D0S8 D0S16 D16S0 D24S0 D32S0 Packed-D24S8 
12:17:55: FBO PF_A8 depth/stencil support: D0S0 D0S1 D0S4 D0S8 D0S16 D16S0 D24S0 D32S0 Packed-D24S8 
12:17:55: FBO PF_R5G6B5 depth/stencil support: D0S0 D0S1 D0S4 D0S8 D0S16 D16S0 D24S0 D32S0 Packed-D24S8 
12:17:55: FBO PF_B5G6R5 depth/stencil support: D0S0 D0S1 D0S4 D0S8 D0S16 D16S0 D24S0 D32S0 Packed-D24S8 
12:17:55: FBO PF_A4R4G4B4 depth/stencil support: D0S0 D0S1 D0S4 D0S8 D0S16 D16S0 D24S0 D32S0 Packed-D24S8 
12:17:55: FBO PF_A1R5G5B5 depth/stencil support: D0S0 D0S1 D0S4 D0S8 D0S16 D16S0 D24S0 D32S0 Packed-D24S8 
12:17:55: FBO PF_R8G8B8 depth/stencil support: D0S0 D0S1 D0S4 D0S8 D0S16 D16S0 D24S0 D32S0 Packed-D24S8 
12:17:55: FBO PF_B8G8R8 depth/stencil support: D0S0 D0S1 D0S4 D0S8 D0S16 D16S0 D24S0 D32S0 Packed-D24S8 
12:17:55: FBO PF_A8R8G8B8 depth/stencil support: D0S0 D0S1 D0S4 D0S8 D0S16 D16S0 D24S0 D32S0 Packed-D24S8 
12:17:55: FBO PF_B8G8R8A8 depth/stencil support: D0S0 D0S1 D0S4 D0S8 D0S16 D16S0 D24S0 D32S0 Packed-D24S8 
12:17:55: FBO PF_A2R10G10B10 depth/stencil support: D0S0 D0S1 D0S4 D0S8 D0S16 D16S0 D24S0 D32S0 Packed-D24S8 
12:17:55: FBO PF_A2B10G10R10 depth/stencil support: D0S0 D0S1 D0S4 D0S8 D0S16 D16S0 D24S0 D32S0 Packed-D24S8 
12:17:55: FBO PF_FLOAT16_RGB depth/stencil support: D0S0 D0S1 D0S4 D0S8 D0S16 D16S0 D24S0 D32S0 Packed-D24S8 
12:17:55: FBO PF_FLOAT16_RGBA depth/stencil support: D0S0 D0S1 D0S4 D0S8 D0S16 D16S0 D24S0 D32S0 Packed-D24S8 
12:17:55: FBO PF_FLOAT32_RGB depth/stencil support: D0S0 D0S1 D0S4 D0S8 D0S16 D16S0 D24S0 D32S0 Packed-D24S8 
12:17:55: FBO PF_FLOAT32_RGBA depth/stencil support: D0S0 D0S1 D0S4 D0S8 D0S16 D16S0 D24S0 D32S0 Packed-D24S8 
12:17:55: FBO PF_X8R8G8B8 depth/stencil support: D0S0 D0S1 D0S4 D0S8 D0S16 D16S0 D24S0 D32S0 Packed-D24S8 
12:17:55: FBO PF_X8B8G8R8 depth/stencil support: D0S0 D0S1 D0S4 D0S8 D0S16 D16S0 D24S0 D32S0 Packed-D24S8 
12:17:55: FBO PF_SHORT_RGBA depth/stencil support: D0S0 D0S1 D0S4 D0S8 D0S16 D16S0 D24S0 D32S0 Packed-D24S8 
12:17:55: FBO PF_R3G3B2 depth/stencil support: D0S0 D0S1 D0S4 D0S8 D0S16 D16S0 D24S0 D32S0 Packed-D24S8 
12:17:55: FBO PF_FLOAT16_R depth/stencil support: D0S0 D0S1 D0S4 D0S8 D0S16 D16S0 D24S0 D32S0 Packed-D24S8 
12:17:55: FBO PF_FLOAT32_R depth/stencil support: D0S0 D0S1 D0S4 D0S8 D0S16 D16S0 D24S0 D32S0 Packed-D24S8 
12:17:55: [GL] : Valid FBO targets PF_UNKNOWN PF_L8 PF_L16 PF_A8 PF_R5G6B5 PF_B5G6R5 PF_A4R4G4B4 PF_A1R5G5B5 PF_R8G8B8 PF_B8G8R8 PF_A8R8G8B8 PF_B8G8R8A8 PF_A2R10G10B10 PF_A2B10G10R10 PF_FLOAT16_RGB PF_FLOAT16_RGBA PF_FLOAT32_RGB PF_FLOAT32_RGBA PF_X8R8G8B8 PF_X8B8G8R8 PF_SHORT_RGBA PF_R3G3B2 PF_FLOAT16_R PF_FLOAT32_R 
12:17:55: RenderSystem capabilities
12:17:55: -------------------------
12:17:55: RenderSystem Name: OpenGL Rendering Subsystem
12:17:55: GPU Vendor: unknown
12:17:55: Device Name: NV137
12:17:55: Driver Version: 4.3.0.0
12:17:55:  * Fixed function pipeline: yes
12:17:55:  * Hardware generation of mipmaps: yes
12:17:55:  * Texture blending: yes
12:17:55:  * Anisotropic texture filtering: yes
12:17:55:  * Dot product texture operation: yes
12:17:55:  * Cube mapping: yes
12:17:55:  * Hardware stencil buffer: yes
12:17:55:    - Stencil depth: 8
12:17:55:    - Two sided stencil support: yes
12:17:55:    - Wrap stencil values: yes
12:17:55:  * Hardware vertex / index buffers: yes
12:17:55:  * Vertex programs: yes
12:17:55:  * Number of floating-point constants for vertex programs: 2048
12:17:55:  * Number of integer constants for vertex programs: 0
12:17:55:  * Number of boolean constants for vertex programs: 0
12:17:55:  * Fragment programs: yes
12:17:55:  * Number of floating-point constants for fragment programs: 2048
12:17:55:  * Number of integer constants for fragment programs: 0
12:17:55:  * Number of boolean constants for fragment programs: 0
12:17:55:  * Geometry programs: no
12:17:55:  * Number of floating-point constants for geometry programs: 0
12:17:55:  * Number of integer constants for geometry programs: 56
12:17:55:  * Number of boolean constants for geometry programs: 0
12:17:55:  * Supported Shader Profiles: arbfp1 arbvp1 glsl ps_1_1 ps_1_2 ps_1_3 ps_1_4
12:17:55:  * Texture Compression: yes
12:17:55:    - DXT: yes
12:17:55:    - VTC: no
12:17:55:    - PVRTC: no
12:17:55:  * Scissor Rectangle: yes
12:17:55:  * Hardware Occlusion Query: yes
12:17:55:  * User clip planes: yes
12:17:55:  * VET_UBYTE4 vertex element type: yes
12:17:55:  * Infinite far plane projection: yes
12:17:55:  * Hardware render-to-texture: yes
12:17:55:  * Floating point textures: yes
12:17:55:  * Non-power-of-two textures: yes
12:17:55:  * Volume textures: yes
12:17:55:  * Multiple Render Targets: 8
12:17:55:    - With different bit depths: yes
12:17:55:  * Point Sprites: yes
12:17:55:  * Extended point parameters: yes
12:17:55:  * Max Point Size: 63.375
12:17:55:  * Vertex texture fetch: yes
12:17:55:  * Number of world matrices: 0
12:17:55:  * Number of texture units: 32
12:17:55:  * Stencil buffer depth: 8
12:17:55:  * Number of vertex blend matrices: 0
12:17:55:    - Max vertex textures: 32
12:17:55:    - Vertex textures shared: yes
12:17:55:  * Render to Vertex Buffer : no
12:17:55:  * GL 1.5 without VBO workaround: no
12:17:55:  * Frame Buffer objects: yes
12:17:55:  * Frame Buffer objects (ARB extension): no
12:17:55:  * Frame Buffer objects (ATI extension): no
12:17:55:  * PBuffer support: no
12:17:55:  * GL 1.5 without HW-occlusion workaround: no
12:17:55: Registering ResourceManager for type Texture
12:17:55: DefaultWorkQueue('Root') initialising on thread main.
12:17:55: Particle Renderer Type 'billboard' registered
12:17:55: SceneManagerFactory for type 'BspSceneManager' registered.
12:17:55: Registering ResourceManager for type BspLevel
12:17:55: SceneManagerFactory for type 'OctreeSceneManager' registered.
12:17:55: SceneManagerFactory for type 'TerrainSceneManager' registered.
12:17:55: Parsing scripts for resource group Autodetect
12:17:55: Finished parsing scripts for resource group Autodetect
12:17:55: Parsing scripts for resource group Essential
12:17:55: Parsing script SdkTrays.material
12:17:55: Parsing script SdkTrays.fontdef
12:17:55: Parsing script SdkTrays.overlay
12:17:55: Bad element attribute line: '# you can offset the image to change the cursor "hotspot"' for element SdkTrays/Cursor in overlay 
12:17:55: Texture: sdk_cursor.png: Loading 1 faces(PF_A8R8G8B8,32x32x1) with 5 hardware generated mipmaps from Image. Internal format is PF_A8R8G8B8,32x32x1.
12:17:55: Texture: sdk_tray.png: Loading 1 faces(PF_A8R8G8B8,64x64x1) with 5 hardware generated mipmaps from Image. Internal format is PF_A8R8G8B8,64x64x1.
12:17:55: Texture: sdk_button_up.png: Loading 1 faces(PF_A8R8G8B8,128x32x1) with 5 hardware generated mipmaps from Image. Internal format is PF_A8R8G8B8,128x32x1.
12:17:55: Font SdkTrays/Captionusing texture size 512x256
12:17:55: Info: Freetype returned null for character 160 in font SdkTrays/Caption
12:17:55: Texture: SdkTrays/CaptionTexture: Loading 1 faces(PF_BYTE_LA,512x256x1) with  hardware generated mipmaps from Image. Internal format is PF_BYTE_LA,512x256x1.
12:17:55: Texture: sdk_text_box.png: Loading 1 faces(PF_A8R8G8B8,32x32x1) with 5 hardware generated mipmaps from Image. Internal format is PF_A8R8G8B8,32x32x1.
12:17:55: Texture: sdk_mini_tray.png: Loading 1 faces(PF_A8R8G8B8,32x32x1) with 5 hardware generated mipmaps from Image. Internal format is PF_A8R8G8B8,32x32x1.
12:17:55: Font SdkTrays/Valueusing texture size 512x256
12:17:55: Info: Freetype returned null for character 127 in font SdkTrays/Value
12:17:55: Info: Freetype returned null for character 128 in font SdkTrays/Value
12:17:55: Info: Freetype returned null for character 129 in font SdkTrays/Value
12:17:55: Info: Freetype returned null for character 130 in font SdkTrays/Value
12:17:55: Info: Freetype returned null for character 131 in font SdkTrays/Value
12:17:55: Info: Freetype returned null for character 132 in font SdkTrays/Value
12:17:55: Info: Freetype returned null for character 133 in font SdkTrays/Value
12:17:55: Info: Freetype returned null for character 134 in font SdkTrays/Value
12:17:55: Info: Freetype returned null for character 135 in font SdkTrays/Value
12:17:55: Info: Freetype returned null for character 136 in font SdkTrays/Value
12:17:55: Info: Freetype returned null for character 137 in font SdkTrays/Value
12:17:55: Info: Freetype returned null for character 138 in font SdkTrays/Value
12:17:55: Info: Freetype returned null for character 139 in font SdkTrays/Value
12:17:55: Info: Freetype returned null for character 140 in font SdkTrays/Value
12:17:55: Info: Freetype returned null for character 141 in font SdkTrays/Value
12:17:55: Info: Freetype returned null for character 142 in font SdkTrays/Value
12:17:55: Info: Freetype returned null for character 143 in font SdkTrays/Value
12:17:55: Info: Freetype returned null for character 144 in font SdkTrays/Value
12:17:55: Info: Freetype returned null for character 145 in font SdkTrays/Value
12:17:55: Info: Freetype returned null for character 146 in font SdkTrays/Value
12:17:55: Info: Freetype returned null for character 147 in font SdkTrays/Value
12:17:55: Info: Freetype returned null for character 148 in font SdkTrays/Value
12:17:55: Info: Freetype returned null for character 149 in font SdkTrays/Value
12:17:55: Info: Freetype returned null for character 150 in font SdkTrays/Value
12:17:55: Info: Freetype returned null for character 151 in font SdkTrays/Value
12:17:55: Info: Freetype returned null for character 152 in font SdkTrays/Value
12:17:55: Info: Freetype returned null for character 153 in font SdkTrays/Value
12:17:55: Info: Freetype returned null for character 154 in font SdkTrays/Value
12:17:55: Info: Freetype returned null for character 155 in font SdkTrays/Value
12:17:55: Info: Freetype returned null for character 156 in font SdkTrays/Value
12:17:55: Info: Freetype returned null for character 157 in font SdkTrays/Value
12:17:55: Info: Freetype returned null for character 158 in font SdkTrays/Value
12:17:55: Info: Freetype returned null for character 159 in font SdkTrays/Value
12:17:55: Info: Freetype returned null for character 160 in font SdkTrays/Value
12:17:55: Texture: SdkTrays/ValueTexture: Loading 1 faces(PF_BYTE_LA,512x256x1) with  hardware generated mipmaps from Image. Internal format is PF_BYTE_LA,512x256x1.
12:17:55: Texture: sdk_track.png: Loading 1 faces(PF_A8R8G8B8,16x32x1) with 5 hardware generated mipmaps from Image. Internal format is PF_A8R8G8B8,16x32x1.
12:17:55: Texture: sdk_handle.png: Loading 1 faces(PF_A8R8G8B8,16x16x1) with 4 hardware generated mipmaps from Image. Internal format is PF_A8R8G8B8,16x16x1.
12:17:55: Texture: sdk_mini_text_box.png: Loading 1 faces(PF_A8R8G8B8,32x32x1) with 5 hardware generated mipmaps from Image. Internal format is PF_A8R8G8B8,32x32x1.
12:17:55: Texture: sdk_label.png: Loading 1 faces(PF_A8R8G8B8,32x32x1) with 5 hardware generated mipmaps from Image. Internal format is PF_A8R8G8B8,32x32x1.
12:17:55: Texture: sdk_separator.png: Loading 1 faces(PF_A8R8G8B8,64x16x1) with 5 hardware generated mipmaps from Image. Internal format is PF_A8R8G8B8,64x16x1.
12:17:55: Texture: sdk_logo.png: Loading 1 faces(PF_A8R8G8B8,128x64x1) with 5 hardware generated mipmaps from Image. Internal format is PF_A8R8G8B8,128x64x1.
12:17:55: Texture: sdk_shade.png: Loading 1 faces(PF_A8R8G8B8,64x48x1) with 5 hardware generated mipmaps from Image. Internal format is PF_A8R8G8B8,64x48x1.
12:17:55: Texture: sdk_frame.png: Loading 1 faces(PF_A8R8G8B8,32x32x1) with 5 hardware generated mipmaps from Image. Internal format is PF_A8R8G8B8,32x32x1.
12:17:55: Texture: sdk_mini_text_box_over.png: Loading 1 faces(PF_A8R8G8B8,32x32x1) with 5 hardware generated mipmaps from Image. Internal format is PF_A8R8G8B8,32x32x1.
12:17:55: Texture: sdk_pulse.png: Loading 1 faces(PF_R8G8B8,8x1x1) with 3 hardware generated mipmaps from Image. Internal format is PF_X8R8G8B8,8x1x1.
12:17:55: Finished parsing scripts for resource group Essential
12:17:55: Parsing scripts for resource group General
12:17:55: Finished parsing scripts for resource group General
12:17:55: Parsing scripts for resource group Internal
12:17:55: Finished parsing scripts for resource group Internal
12:17:55: Parsing scripts for resource group Popular
12:17:55: Parsing script Examples.program
12:17:55: OGRE EXCEPTION(2:InvalidParametersException): Parameter called ambient does not exist.  in GpuProgramParameters::_findNamedConstantDefinition at /media/djoker/code/linux/cpp/ogre/samples/ogre7/OgreMain/src/OgreGpuProgramParams.cpp (line 1431)
12:17:55: Compiler error: invalid parameters in Examples.program(130): setting of constant failed
12:17:55: Parsing script StdQuad_vp.program
12:17:55: Parsing script deferred_post.program
12:17:55: Parsing script ShadowCaster.program
12:17:55: Parsing script Examples.material
12:17:55: Parsing script Ocean.material
12:17:55: Parsing script ASCII.material
12:17:55: Parsing script ASMSwizzle.material
12:17:55: Compiler error: object unsupported by render system in ASMSwizzle.material(1)
12:17:55: Parsing script BlackAndWhite.material
12:17:55: Parsing script Bloom.material
12:17:55: Parsing script Bloom2.material
12:17:55: Parsing script CGSwizzle.material
12:17:55: Parsing script CompositorDemo.material
12:17:55: Parsing script DepthShadowmap.material
12:17:55: Parsing script Dither.material
12:17:55: Parsing script DOF.material
12:17:55: Parsing script Embossed.material
12:17:55: Parsing script Example-Water.material
12:17:55: Parsing script Examples-Advanced.material
12:17:55: Parsing script Examples-DynTex.material
12:17:55: Parsing script Examples-Water.material
12:17:55: Parsing script facial.material
12:17:55: Parsing script Glass.material
12:17:55: Parsing script GLSLSwizzle.material
12:17:55: Cannot compile GLSL high-level shader : Ogre/GPTest/Swizzle_GP_GLSL 0:2(12): warning: extension `GL_EXT_geometry_shader4' unsupported in geometry shader
0:25(14): error: `gl_VerticesIn' undeclared
0:25(11): error: operands to relational operators must be scalar and numeric
0:25(11): error: loop condition must be scalar boolean
0:26(16): error: `gl_PositionIn' undeclared
0:32(14): error: `gl_VerticesIn' undeclared
0:32(11): error: operands to relational operators must be scalar and numeric
0:32(11): error: loop condition must be scalar boolean
0:33(16): error: `gl_PositionIn' undeclared

12:17:55: OGRE EXCEPTION(7:InternalErrorException): Cannot compile GLSL high-level shader : Ogre/GPTest/Swizzle_GP_GLSL Cannot compile GLSL high-level shader : Ogre/GPTest/Swizzle_GP_GLSL 0:2(12): warning: extension `GL_EXT_geometry_shader4' unsupported in geometry shader
0:25(14): error: `gl_VerticesIn' undeclared
0:25(11): error: operands to relational operators must be scalar and numeric
0:25(11): error: loop condition must be scalar boolean
0:26(16): error: `gl_PositionIn' undeclared
0:32(14): error: `gl_VerticesIn' undeclared
0:32(11): error: operands to relational operators must be scalar and numeric
0:32(11): error: loop condition must be scalar boolean
0:33(16): error: `gl_PositionIn' undeclared
 in GLSLProgram::compile at /media/djoker/code/linux/cpp/ogre/samples/ogre7/GL/src/GLSL/src/OgreGLSLExtSupport.cpp (line 65)
12:17:55: High-level program Ogre/GPTest/Swizzle_GP_GLSL encountered an error during loading and is thus not supported.
OGRE EXCEPTION(7:InternalErrorException): Cannot compile GLSL high-level shader : Ogre/GPTest/Swizzle_GP_GLSL Cannot compile GLSL high-level shader : Ogre/GPTest/Swizzle_GP_GLSL 0:2(12): warning: extension `GL_EXT_geometry_shader4' unsupported in geometry shader
0:25(14): error: `gl_VerticesIn' undeclared
0:25(11): error: operands to relational operators must be scalar and numeric
0:25(11): error: loop condition must be scalar boolean
0:26(16): error: `gl_PositionIn' undeclared
0:32(14): error: `gl_VerticesIn' undeclared
0:32(11): error: operands to relational operators must be scalar and numeric
0:32(11): error: loop condition must be scalar boolean
0:33(16): error: `gl_PositionIn' undeclared
 in GLSLProgram::compile at /media/djoker/code/linux/cpp/ogre/samples/ogre7/GL/src/GLSL/src/OgreGLSLExtSupport.cpp (line 65)
12:17:55: OGRE EXCEPTION(2:InvalidParametersException): Named constants have not been initialised, perhaps a compile error. in GpuProgramParameters::_findNamedConstantDefinition at /media/djoker/code/linux/cpp/ogre/samples/ogre7/OgreMain/src/OgreGpuProgramParams.cpp (line 1421)
12:17:55: Compiler error: invalid parameters in GLSLSwizzle.material(15): setting of constant failed
12:17:55: OGRE EXCEPTION(2:InvalidParametersException): Named constants have not been initialised, perhaps a compile error. in GpuProgramParameters::_findNamedConstantDefinition at /media/djoker/code/linux/cpp/ogre/samples/ogre7/OgreMain/src/OgreGpuProgramParams.cpp (line 1421)
12:17:55: Compiler error: invalid parameters in GLSLSwizzle.material(16): setting of constant failed
12:17:55: Parsing script Halftone.material
12:17:55: Parsing script hdr.material
12:17:55: Parsing script HeatVision.material
12:17:55: Parsing script Hurt.material
12:17:55: Parsing script instancing.material
12:17:55: Parsing script Invert.material
12:17:55: Parsing script IsoSurf.material
12:17:55: Parsing script Laplace.material
12:17:55: Parsing script MotionBlur.material
12:17:55: Parsing script MRTtest.material
12:17:55: Parsing script NightVision.material
12:17:55: Parsing script OffsetMapping.material
12:17:55: Parsing script Ogre.material
12:17:55: Parsing script OldMovie.material
12:17:55: Parsing script OldTV.material
12:17:55: Parsing script ParticleGS.material
12:17:55: Parsing script Penguin.material
12:17:55: Parsing script Posterize.material
12:17:55: Parsing script pssm.material
12:17:55: Parsing script RadialBlur.material
12:17:55: Parsing script RZR-002.material
12:17:55: Parsing script ShaderSystem.material
12:17:55: Parsing script shadows.material
12:17:55: Parsing script SharpenEdges.material
12:17:55: Parsing script sibenik.material
12:17:55: Parsing script smoke.material
12:17:55: Parsing script Tiling.material
12:17:55: Parsing script VarianceShadowmap.material
12:17:55: Parsing script deferreddemo.material
12:17:55: Parsing script deferred_post.material
12:17:55: Parsing script deferred_post_minilight.material
12:17:55: Parsing script ShadowCaster.material
12:17:55: Parsing script ssao.material
12:17:55: Parsing script ROOM.material
12:17:55: Parsing script RomanBath.material
12:17:55: Parsing script Sinbad.material
12:17:55: Parsing script emitted_emitter.particle
12:17:55: Parsing script Examples-Water.particle
12:17:55: Parsing script Examples.particle
12:17:55: Parsing script smoke.particle
12:17:55: Parsing script Examples.compositor
12:17:55: Parsing script deferred.compositor
12:17:55: Parsing script ssao.compositor
12:17:55: Parsing script sample.fontdef
12:17:55: Finished parsing scripts for resource group Popular
12:17:55: Texture: grass_1024.jpg: Loading 1 faces(PF_R8G8B8,1024x1024x1) with 5 hardware generated mipmaps from Image. Internal format is PF_X8R8G8B8,1024x1024x1.
12:17:55: DefaultWorkQueueBase('Root') - QUEUED(thread:main): ID=1 channel=1 requestType=1
12:17:55: DefaultWorkQueueBase('Root') - PROCESS_REQUEST_START(main): ID=1 channel=1 requestType=1
12:17:55: Terrain created; size=513 minBatch=33 maxBatch=65 treeDepth=4 lodLevels=5 leafLods=2
12:17:55: Terrain::distributeVertexData processing source terrain size of 513
12:17:55:   Assigning vertex data, resolution=513 startDepth=2 endDepth=4 splits=4
12:17:55:   Assigning vertex data, resolution=129 startDepth=0 endDepth=2 splits=1
12:17:55: Terrain::distributeVertexData finished
12:17:55: DefaultWorkQueueBase('Root') - PROCESS_REQUEST_END(main): ID=1 channel=1 requestType=1 processed=1
12:17:55: DefaultWorkQueueBase('Root') - PROCESS_RESPONSE_START(thread:main): ID=1 success=1 messages=[] channel=1 requestType=1
12:17:55: DefaultWorkQueueBase('Root') - QUEUED(thread:main): ID=2 channel=2 requestType=1
12:17:55: DefaultWorkQueueBase('Root') - PROCESS_REQUEST_START(main): ID=2 channel=2 requestType=1
12:17:56: DefaultWorkQueueBase('Root') - PROCESS_REQUEST_END(main): ID=2 channel=2 requestType=1 processed=1
12:17:56: DefaultWorkQueueBase('Root') - PROCESS_RESPONSE_START(thread:main): ID=2 success=1 messages=[] channel=2 requestType=1
12:17:56: DefaultWorkQueueBase('Root') - PROCESS_RESPONSE_END(thread:main): ID=2 success=1 messages=[] channel=2 requestType=1
12:17:56: DefaultWorkQueueBase('Root') - QUEUED(thread:main): ID=3 channel=2 requestType=1
12:17:56: DefaultWorkQueueBase('Root') - PROCESS_REQUEST_START(main): ID=3 channel=2 requestType=1
12:18:15: DefaultWorkQueueBase('Root') - PROCESS_REQUEST_END(main): ID=3 channel=2 requestType=1 processed=1
12:18:15: DefaultWorkQueueBase('Root') - PROCESS_RESPONSE_START(thread:main): ID=3 success=1 messages=[] channel=2 requestType=1
12:18:15: DefaultWorkQueueBase('Root') - PROCESS_RESPONSE_END(thread:main): ID=3 success=1 messages=[] channel=2 requestType=1
12:18:15: OGRE EXCEPTION(3:RenderingAPIException): Failed to preprocess shader OgreTerrain/4046812636/sm2/vp/hlod/hlod in loadFromSource at /media/djoker/code/linux/cpp/ogre/samples/ogre7/GL/src/GLSL/src/OgreGLSLProgram.cpp (line 153)
12:18:15: High-level program OgreTerrain/4046812636/sm2/vp/hlod/hlod encountered an error during loading and is thus not supported.
OGRE EXCEPTION(3:RenderingAPIException): Failed to preprocess shader OgreTerrain/4046812636/sm2/vp/hlod/hlod in loadFromSource at /media/djoker/code/linux/cpp/ogre/samples/ogre7/GL/src/GLSL/src/OgreGLSLProgram.cpp (line 153)
12:18:15: OGRE EXCEPTION(3:RenderingAPIException): Failed to preprocess shader OgreTerrain/4046812636/sm2/fp/hlod in loadFromSource at /media/djoker/code/linux/cpp/ogre/samples/ogre7/GL/src/GLSL/src/OgreGLSLProgram.cpp (line 153)
12:18:15: High-level program OgreTerrain/4046812636/sm2/fp/hlod encountered an error during loading and is thus not supported.
OGRE EXCEPTION(3:RenderingAPIException): Failed to preprocess shader OgreTerrain/4046812636/sm2/fp/hlod in loadFromSource at /media/djoker/code/linux/cpp/ogre/samples/ogre7/GL/src/GLSL/src/OgreGLSLProgram.cpp (line 153)
12:18:15: OGRE EXCEPTION(3:RenderingAPIException): Failed to preprocess shader OgreTerrain/4046812636/sm2/vp/llod/llod in loadFromSource at /media/djoker/code/linux/cpp/ogre/samples/ogre7/GL/src/GLSL/src/OgreGLSLProgram.cpp (line 153)
12:18:15: High-level program OgreTerrain/4046812636/sm2/vp/llod/llod encountered an error during loading and is thus not supported.
OGRE EXCEPTION(3:RenderingAPIException): Failed to preprocess shader OgreTerrain/4046812636/sm2/vp/llod/llod in loadFromSource at /media/djoker/code/linux/cpp/ogre/samples/ogre7/GL/src/GLSL/src/OgreGLSLProgram.cpp (line 153)
12:18:15: OGRE EXCEPTION(3:RenderingAPIException): Failed to preprocess shader OgreTerrain/4046812636/sm2/fp/llod in loadFromSource at /media/djoker/code/linux/cpp/ogre/samples/ogre7/GL/src/GLSL/src/OgreGLSLProgram.cpp (line 153)
12:18:15: High-level program OgreTerrain/4046812636/sm2/fp/llod encountered an error during loading and is thus not supported.
OGRE EXCEPTION(3:RenderingAPIException): Failed to preprocess shader OgreTerrain/4046812636/sm2/fp/llod in loadFromSource at /media/djoker/code/linux/cpp/ogre/samples/ogre7/GL/src/GLSL/src/OgreGLSLProgram.cpp (line 153)
12:18:15: Material OgreTerrain/4046812636 Technique 0 is not supported. Pass 0: Vertex program OgreTerrain/4046812636/sm2/vp/hlod/hlod cannot be used - compile error.

12:18:15: Material OgreTerrain/4046812636 Technique 1 is not supported. Pass 0: Vertex program OgreTerrain/4046812636/sm2/vp/llod/llod cannot be used - compile error.

12:18:15: WARNING: material OgreTerrain/4046812636 has no supportable Techniques and will be blank. Explanation: 
Pass 0: Vertex program OgreTerrain/4046812636/sm2/vp/hlod/hlod cannot be used - compile error.
Pass 0: Vertex program OgreTerrain/4046812636/sm2/vp/llod/llod cannot be used - compile error.

12:18:15: OGRE EXCEPTION(3:RenderingAPIException): Failed to preprocess shader OgreTerrain/4046812636/sm2/vp/comp/comp in loadFromSource at /media/djoker/code/linux/cpp/ogre/samples/ogre7/GL/src/GLSL/src/OgreGLSLProgram.cpp (line 153)
12:18:15: High-level program OgreTerrain/4046812636/sm2/vp/comp/comp encountered an error during loading and is thus not supported.
OGRE EXCEPTION(3:RenderingAPIException): Failed to preprocess shader OgreTerrain/4046812636/sm2/vp/comp/comp in loadFromSource at /media/djoker/code/linux/cpp/ogre/samples/ogre7/GL/src/GLSL/src/OgreGLSLProgram.cpp (line 153)
12:18:15: OGRE EXCEPTION(3:RenderingAPIException): Failed to preprocess shader OgreTerrain/4046812636/sm2/fp/comp in loadFromSource at /media/djoker/code/linux/cpp/ogre/samples/ogre7/GL/src/GLSL/src/OgreGLSLProgram.cpp (line 153)
12:18:15: High-level program OgreTerrain/4046812636/sm2/fp/comp encountered an error during loading and is thus not supported.
OGRE EXCEPTION(3:RenderingAPIException): Failed to preprocess shader OgreTerrain/4046812636/sm2/fp/comp in loadFromSource at /media/djoker/code/linux/cpp/ogre/samples/ogre7/GL/src/GLSL/src/OgreGLSLProgram.cpp (line 153)
12:18:15: Material OgreTerrain/4046812636/comp Technique 0 is not supported. Pass 0: Vertex program OgreTerrain/4046812636/sm2/vp/comp/comp cannot be used - compile error.

12:18:15: WARNING: material OgreTerrain/4046812636/comp has no supportable Techniques and will be blank. Explanation: 
Pass 0: Vertex program OgreTerrain/4046812636/sm2/vp/comp/comp cannot be used - compile error.

12:18:15: Creating viewport on target 'rtt/140606533252024/SceneManagerInstance2/compRTT', rendering from camera 'cam', relative dimensions 4L: 0 T: 0 W: 1 H: 1 ZOrder: 0
12:18:15: Viewport for camera 'cam', actual dimensions 4L: 0 T: 0 W: 1024 H: 1024
12:18:15: DefaultWorkQueueBase('Root') - PROCESS_RESPONSE_END(thread:main): ID=1 success=1 messages=[] channel=1 requestType=1
12:18:15: Texture: cloudy_noon_fr.jpg: Loading 1 faces(PF_R8G8B8,512x512x1) with 5 hardware generated mipmaps from Image. Internal format is PF_X8R8G8B8,512x512x1.
12:18:15: Texture: cloudy_noon_bk.jpg: Loading 1 faces(PF_R8G8B8,512x512x1) with 5 hardware generated mipmaps from Image. Internal format is PF_X8R8G8B8,512x512x1.
12:18:15: Texture: cloudy_noon_lf.jpg: Loading 1 faces(PF_R8G8B8,512x512x1) with 5 hardware generated mipmaps from Image. Internal format is PF_X8R8G8B8,512x512x1.
12:18:15: Texture: cloudy_noon_rt.jpg: Loading 1 faces(PF_R8G8B8,512x512x1) with 5 hardware generated mipmaps from Image. Internal format is PF_X8R8G8B8,512x512x1.
12:18:15: Texture: cloudy_noon_up.jpg: Loading 1 faces(PF_R8G8B8,512x512x1) with 5 hardware generated mipmaps from Image. Internal format is PF_X8R8G8B8,512x512x1.
12:18:15: Texture: cloudy_noon_dn.jpg: Loading 1 faces(PF_R8G8B8,512x512x1) with 5 hardware generated mipmaps from Image. Internal format is PF_X8R8G8B8,512x512x1.
12:18:19: DefaultWorkQueue('Root') shutting down on thread main.
12:18:19: Unregistering ResourceManager for type BspLevel
12:18:19: Render Target 'rtt/140606533252024/SceneManagerInstance2/compRTT' Average FPS: 0 Best FPS: 0 Worst FPS: 999
12:18:19: *-*-* OGRE Shutdown
12:18:19: Unregistering ResourceManager for type Compositor
12:18:19: Unregistering ResourceManager for type Font
12:18:19: Unregistering ResourceManager for type Skeleton
12:18:19: Unregistering ResourceManager for type Mesh
12:18:19: Unregistering ResourceManager for type HighLevelGpuProgram
12:18:20: Render Target 'Ogre3D' Average FPS: 60.1557 Best FPS: 61.2648 Worst FPS: 59.9803
12:18:20: Unregistering ResourceManager for type GpuProgram
12:18:20: ******************************
*** Stopping GLX Subsystem ***
******************************
12:18:20: Unregistering ResourceManager for type Texture
12:18:20: Unregistering ResourceManager for type Material
